Logger started at: lunedì 28 aprile 2014 12.14.44 CEST
Component: com.appcelerator.titanium.android.core
Version: 1.0.0.1391541866
[15:13.433] Sent: >21*1398680113433*version<
[15:13.434] Recv: >1398680113433*1*3.0.0<
[15:13.435] Sent: >36*1398680113434*option*monitorXHR*true<
[15:13.436] Recv: >1398680113434*!unknown option <monitorXHR><
[15:13.436] Sent: >45*1398680113435*option*suspendOnFirstLine*false<
[15:13.436] Recv: >1398680113435<
[15:13.437] Sent: >46*1398680113436*option*suspendOnExceptions*false<
[15:13.762] Recv: >1398680113436<
[15:13.762] Sent: >41*1398680113437*option*suspendOnErrors*true<
[15:14.308] Recv: >1398680113437<
[15:14.308] Sent: >45*1398680113438*option*stepFiltersEnabled*false<
[15:14.309] Recv: >1398680113438*!unknown option <stepFiltersEnabled><
[15:14.311] Sent: >43*1398680113439*option*suspendOnKeywords*true<
[15:14.312] Recv: >1398680113439<
[15:14.312] Sent: >45*1398680113440*option*bypassConstructors*false<
[15:14.312] Recv: >1398680113440*!unknown option <bypassConstructors><
[15:14.312] Sent: >45*1398680113441*option*stepFiltersEnabled*false<
[15:14.313] Recv: >1398680113441*!unknown option <stepFiltersEnabled><
[15:14.313] Sent: >30*1398680113442*detailFormatters<
[15:14.313] Recv: >1398680113442<
[15:14.313] Sent: >53*1398680113443*breakpoint*create*app:/app.js*11*1*0**1<
[15:14.583] Recv: >1398680113443*created<
[15:14.584] Sent: >20*1398680113444*enable<
[15:14.584] Recv: >resumed*start<
[15:14.623] Recv: >1398680113444<
[15:14.623] Recv: >scripts*created*1|ti:/webview.js|anonymous|1|1<
[15:14.624] Recv: >scripts*created*2|ti:/kroll.js|anonymous|1|1<
[15:14.624] Recv: >scripts*created*3|ti:/titanium.js|anonymous|1|1<
[15:14.624] Recv: >scripts*created*4|ti:/properties.js|anonymous|1|1<
[15:14.624] Recv: >scripts*created*5|ti:/events.js|anonymous|1|1<
[15:14.624] Recv: >scripts*created*6|ti:/ui.js|anonymous|1|1<
[15:14.624] Recv: >scripts*created*7|ti:/bootstrap.js|anonymous|1|1<
[15:14.624] Recv: >scripts*created*8|ti:/tabgroup.js|anonymous|1|1<
[15:14.624] Recv: >scripts*created*9|ti:/console.js|anonymous|1|1<
[15:14.624] Recv: >scripts*created*10|ti:/path.js|anonymous|1|1<
[15:14.624] Recv: >scripts*created*11|ti:/invoker.js|anonymous|1|1<
[15:14.625] Recv: >scripts*created*12|ti:/tab.js|anonymous|1|1<
[15:14.625] Recv: >scripts*created*13|ti:/url.js|anonymous|1|1<
[15:14.625] Recv: >scripts*created*14|ti:/httpclient.js|anonymous|1|1<
[15:14.625] Recv: >scripts*created*15|ti:/listview.js|anonymous|1|1<
[15:14.625] Recv: >scripts*created*16|ti:/network.js|anonymous|1|1<
[15:14.625] Recv: >scripts*created*17|ti:/window.js|anonymous|1|1<
[15:14.625] Recv: >scripts*created*18|ti:/module.js|anonymous|1|1<
[15:15.11] Recv: >scripts*created*19|app:///app.js|anonymous|1|1<
[15:15.194] Recv: >suspended*breakpoint*app:///app.js*11<
[15:15.195] Sent: >20*1398680113445*frames<
[15:15.195] Recv: >1398680113445*0|||app:///app.js|11|false|252|20<
[15:15.434] Sent: >32*1398680113446*variables*frame[0]<
[15:15.538] Sent: >32*1398680113447*variables*frame[0]<
[15:16.720] Recv: >1398680113446*this|global|o|[object global]*console|Object|wo|[object Object]*persistentObjects|Array|wo|[object Array]*label2|undefined|w|undefined*win2|undefined|w|undefined*win1|undefined|w|undefined*tab1|undefined|w|undefined*tab2|undefined|w|undefined*label1|undefined|w|undefined*tabGroup|TabGroup|wo|[object TabGroup]<
[15:16.721] Recv: >1398680113447*this|global|o|[object global]*console|Object|wo|[object Object]*persistentObjects|Array|wo|[object Array]*label2|undefined|w|undefined*win2|undefined|w|undefined*win1|undefined|w|undefined*tab1|undefined|w|undefined*tab2|undefined|w|undefined*label1|undefined|w|undefined*tabGroup|TabGroup|wo|[object TabGroup]<
[15:44.209] Sent: >41*1398680113448*variables*frame[0].tabGroup<
[15:44.214] Recv: >1398680113448*windowSoftInputMode|undefined|w|undefined*bubbleParent|Boolean|w|true*touchEnabled|undefined|w|undefined*layout|undefined|w|undefined*backgroundSelectedImage|undefined|w|undefined*accessibilityLabel|undefined|w|undefined*tab|null|w|null*activeTabBackgroundColor|undefined|w|undefined*backgroundFocusedImage|undefined|w|undefined*enabled|Boolean|w|true*zIndex|undefined|w|undefined*backgroundPadding|undefined|w|undefined*right|undefined|w|undefined*title|undefined|w|undefined*parent|null|w|null*backgroundSelectedColor|undefined|w|undefined*backgroundColor|undefined|w|undefined*backgroundFocusedColor|undefined|w|undefined*accessibilityHidden|undefined|w|undefined*_properties|Object|wo|[object Object]*bottom|undefined|w|undefined*focusable|undefined|w|undefined*backgroundRepeat|Boolean|w|false*height|undefined|w|undefined*left|undefined|w|undefined*softKeyboardOnFocus|undefined|w|undefined*borderWidth|undefined|w|undefined*backgroundGradient|undefined|w|undefined*fullscreen|undefined|w|undefined*top|u...1081<
[33:3.224] Sent: >10**terminate<
----------End of file----------
